2022-05-09 16:04:17.199  INFO 7620 --- [main] c.cg.ProjectManagmentSystemApplication   : Starting ProjectManagmentSystemApplication using Java 18 on Rishabh with PID 7620 (C:\Users\risha\Documents\pp\ProjectManagmentSystem\build\libs\ProjectManagmentSystem-0.0.1-SNAPSHOT.jar started by risha in C:\Users\risha\Documents\pp\ProjectManagmentSystem\build\libs)
2022-05-09 16:04:17.207  INFO 7620 --- [main] c.cg.ProjectManagmentSystemApplication   : No active profile set, falling back to 1 default profile: "default"
2022-05-09 16:04:18.491  INFO 7620 --- [main] .s.d.r.c.RepositoryConfigurationDelegate : Bootstrapping Spring Data JPA repositories in DEFAULT mode.
2022-05-09 16:04:18.609  INFO 7620 --- [main] .s.d.r.c.RepositoryConfigurationDelegate : Finished Spring Data repository scanning in 107 ms. Found 10 JPA repository interfaces.
2022-05-09 16:04:19.538  INFO 7620 --- [main] o.s.b.w.embedded.tomcat.TomcatWebServer  : Tomcat initialized with port(s): 8086 (http)
2022-05-09 16:04:19.559  INFO 7620 --- [main] o.apache.catalina.core.StandardService   : Starting service [Tomcat]
2022-05-09 16:04:19.561  INFO 7620 --- [main] org.apache.catalina.core.StandardEngine  : Starting Servlet engine: [Apache Tomcat/9.0.60]
2022-05-09 16:04:19.669  INFO 7620 --- [main] o.a.c.c.C.[Tomcat].[localhost].[/]       : Initializing Spring embedded WebApplicationContext
2022-05-09 16:04:19.670  INFO 7620 --- [main] w.s.c.ServletWebServerApplicationContext : Root WebApplicationContext: initialization completed in 2344 ms
2022-05-09 16:04:19.945  INFO 7620 --- [main] o.hibernate.jpa.internal.util.LogHelper  : HHH000204: Processing PersistenceUnitInfo [name: default]
2022-05-09 16:04:20.028  INFO 7620 --- [main] org.hibernate.Version                    : HHH000412: Hibernate ORM core version 5.6.7.Final
2022-05-09 16:04:20.262  INFO 7620 --- [main] o.hibernate.annotations.common.Version   : HCANN000001: Hibernate Commons Annotations {5.1.2.Final}
2022-05-09 16:04:20.525  INFO 7620 --- [main] com.zaxxer.hikari.HikariDataSource       : HikariPool-1 - Starting...
2022-05-09 16:04:20.952  INFO 7620 --- [main] com.zaxxer.hikari.HikariDataSource       : HikariPool-1 - Start completed.
2022-05-09 16:04:21.006  INFO 7620 --- [main] org.hibernate.dialect.Dialect            : HHH000400: Using dialect: org.hibernate.dialect.PostgreSQLDialect
2022-05-09 16:04:21.268  WARN 7620 --- [main] org.hibernate.cfg.AnnotationBinder       : HHH000457: Joined inheritance hierarchy [com.cg.entities.Person] defined explicit @DiscriminatorColumn.  Legacy Hibernate behavior was to ignore the @DiscriminatorColumn.  However, as part of issue HHH-6911 we now apply the explicit @DiscriminatorColumn.  If you would prefer the legacy behavior, enable the `hibernate.discriminator.ignore_explicit_for_joined` setting (hibernate.discriminator.ignore_explicit_for_joined=true)
2022-05-09 16:04:23.072  INFO 7620 --- [main] o.h.e.t.j.p.i.JtaPlatformInitiator       : HHH000490: Using JtaPlatform implementation: [org.hibernate.engine.transaction.jta.platform.internal.NoJtaPlatform]
2022-05-09 16:04:23.084  INFO 7620 --- [main] j.LocalContainerEntityManagerFactoryBean : Initialized JPA EntityManagerFactory for persistence unit 'default'
2022-05-09 16:04:24.384  WARN 7620 --- [main] JpaBaseConfiguration$JpaWebConfiguration : spring.jpa.open-in-view is enabled by default. Therefore, database queries may be performed during view rendering. Explicitly configure spring.jpa.open-in-view to disable this warning
2022-05-09 16:04:25.909  INFO 7620 --- [main] o.s.s.web.DefaultSecurityFilterChain     : Will not secure any request
2022-05-09 16:04:25.996  INFO 7620 --- [main] o.s.b.w.embedded.tomcat.TomcatWebServer  : Tomcat started on port(s): 8086 (http) with context path ''
2022-05-09 16:04:26.010  INFO 7620 --- [main] c.cg.ProjectManagmentSystemApplication   : Started ProjectManagmentSystemApplication in 9.599 seconds (JVM running for 10.263)
2022-05-09 16:04:37.822  INFO 7620 --- [http-nio-8086-exec-1] o.a.c.c.C.[Tomcat].[localhost].[/]       : Initializing Spring DispatcherServlet 'dispatcherServlet'
2022-05-09 16:04:37.823  INFO 7620 --- [http-nio-8086-exec-1] o.s.web.servlet.DispatcherServlet        : Initializing Servlet 'dispatcherServlet'
2022-05-09 16:04:37.825  INFO 7620 --- [http-nio-8086-exec-1] o.s.web.servlet.DispatcherServlet        : Completed initialization in 1 ms
2022-05-09 16:04:37.947  INFO 7620 --- [http-nio-8086-exec-1] com.cg.logging.LoggingFilter             : Filter logs : Method =GET ; RequestURL = /UI; Response Code = 302 ;Time Taken= 91
2022-05-09 16:04:37.966  INFO 7620 --- [http-nio-8086-exec-3] com.cg.logging.LoggingFilter             : Filter logs : Method =GET ; RequestURL = /swagger-ui/index.html; Response Code = 200 ;Time Taken= 12
2022-05-09 16:04:38.001  INFO 7620 --- [http-nio-8086-exec-2] com.cg.logging.LoggingFilter             : Filter logs : Method =GET ; RequestURL = /swagger-ui/swagger-ui.css; Response Code = 200 ;Time Taken= 10
2022-05-09 16:04:38.021  INFO 7620 --- [http-nio-8086-exec-5] com.cg.logging.LoggingFilter             : Filter logs : Method =GET ; RequestURL = /swagger-ui/swagger-ui-standalone-preset.js; Response Code = 200 ;Time Taken= 16
2022-05-09 16:04:38.025  INFO 7620 --- [http-nio-8086-exec-4] com.cg.logging.LoggingFilter             : Filter logs : Method =GET ; RequestURL = /swagger-ui/swagger-ui-bundle.js; Response Code = 200 ;Time Taken= 21
2022-05-09 16:04:38.228  INFO 7620 --- [http-nio-8086-exec-6] com.cg.logging.LoggingFilter             : Filter logs : Method =GET ; RequestURL = /v3/api-docs/swagger-config; Response Code = 200 ;Time Taken= 27
