2022-05-10 10:34:08.443  INFO 12984 --- [main] c.cg.ProjectManagmentSystemApplication   : Starting ProjectManagmentSystemApplication using Java 17.0.2 on Rishabh with PID 12984 (C:\Users\risha\Documents\pp\ProjectManagmentSystem\bin\main started by risha in C:\Users\risha\Documents\pp\ProjectManagmentSystem)
2022-05-10 10:34:08.450  INFO 12984 --- [main] c.cg.ProjectManagmentSystemApplication   : No active profile set, falling back to 1 default profile: "default"
2022-05-10 10:34:09.685  INFO 12984 --- [main] .s.d.r.c.RepositoryConfigurationDelegate : Bootstrapping Spring Data JPA repositories in DEFAULT mode.
2022-05-10 10:34:09.817  INFO 12984 --- [main] .s.d.r.c.RepositoryConfigurationDelegate : Finished Spring Data repository scanning in 118 ms. Found 10 JPA repository interfaces.
2022-05-10 10:34:10.539  INFO 12984 --- [main] o.s.b.w.embedded.tomcat.TomcatWebServer  : Tomcat initialized with port(s): 8086 (http)
2022-05-10 10:34:10.552  INFO 12984 --- [main] o.apache.catalina.core.StandardService   : Starting service [Tomcat]
2022-05-10 10:34:10.552  INFO 12984 --- [main] org.apache.catalina.core.StandardEngine  : Starting Servlet engine: [Apache Tomcat/9.0.60]
2022-05-10 10:34:10.694  INFO 12984 --- [main] o.a.c.c.C.[Tomcat].[localhost].[/]       : Initializing Spring embedded WebApplicationContext
2022-05-10 10:34:10.694  INFO 12984 --- [main] w.s.c.ServletWebServerApplicationContext : Root WebApplicationContext: initialization completed in 2175 ms
2022-05-10 10:34:10.886  INFO 12984 --- [main] o.hibernate.jpa.internal.util.LogHelper  : HHH000204: Processing PersistenceUnitInfo [name: default]
2022-05-10 10:34:11.035  INFO 12984 --- [main] org.hibernate.Version                    : HHH000412: Hibernate ORM core version 5.6.7.Final
2022-05-10 10:34:11.443  INFO 12984 --- [main] o.hibernate.annotations.common.Version   : HCANN000001: Hibernate Commons Annotations {5.1.2.Final}
2022-05-10 10:34:11.637  INFO 12984 --- [main] com.zaxxer.hikari.HikariDataSource       : HikariPool-1 - Starting...
2022-05-10 10:34:12.002  INFO 12984 --- [main] com.zaxxer.hikari.HikariDataSource       : HikariPool-1 - Start completed.
2022-05-10 10:34:12.031  INFO 12984 --- [main] org.hibernate.dialect.Dialect            : HHH000400: Using dialect: org.hibernate.dialect.PostgreSQLDialect
2022-05-10 10:34:12.206  WARN 12984 --- [main] org.hibernate.cfg.AnnotationBinder       : HHH000457: Joined inheritance hierarchy [com.cg.entities.Person] defined explicit @DiscriminatorColumn.  Legacy Hibernate behavior was to ignore the @DiscriminatorColumn.  However, as part of issue HHH-6911 we now apply the explicit @DiscriminatorColumn.  If you would prefer the legacy behavior, enable the `hibernate.discriminator.ignore_explicit_for_joined` setting (hibernate.discriminator.ignore_explicit_for_joined=true)
2022-05-10 10:34:13.206  INFO 12984 --- [main] o.h.e.t.j.p.i.JtaPlatformInitiator       : HHH000490: Using JtaPlatform implementation: [org.hibernate.engine.transaction.jta.platform.internal.NoJtaPlatform]
2022-05-10 10:34:13.217  INFO 12984 --- [main] j.LocalContainerEntityManagerFactoryBean : Initialized JPA EntityManagerFactory for persistence unit 'default'
2022-05-10 10:34:14.069  WARN 12984 --- [main] JpaBaseConfiguration$JpaWebConfiguration : spring.jpa.open-in-view is enabled by default. Therefore, database queries may be performed during view rendering. Explicitly configure spring.jpa.open-in-view to disable this warning
2022-05-10 10:34:14.900  INFO 12984 --- [main] o.s.s.web.DefaultSecurityFilterChain     : Will not secure any request
2022-05-10 10:34:14.964  WARN 12984 --- [main] ConfigServletWebServerApplicationContext : Exception encountered during context initialization - cancelling refresh attempt: org.springframework.context.ApplicationContextException: Failed to start bean 'webServerStartStop'; nested exception is org.springframework.boot.web.server.PortInUseException: Port 8086 is already in use
2022-05-10 10:34:14.971  INFO 12984 --- [main] j.LocalContainerEntityManagerFactoryBean : Closing JPA EntityManagerFactory for persistence unit 'default'
2022-05-10 10:34:14.973  INFO 12984 --- [main] com.zaxxer.hikari.HikariDataSource       : HikariPool-1 - Shutdown initiated...
2022-05-10 10:34:14.980  INFO 12984 --- [main] com.zaxxer.hikari.HikariDataSource       : HikariPool-1 - Shutdown completed.
2022-05-10 10:34:14.982  INFO 12984 --- [main] o.apache.catalina.core.StandardService   : Stopping service [Tomcat]
2022-05-10 10:34:15.009  INFO 12984 --- [main] ConditionEvaluationReportLoggingListener : 

Error starting ApplicationContext. To display the conditions report re-run your application with 'debug' enabled.
2022-05-10 10:34:15.026 ERROR 12984 --- [main] o.s.b.d.LoggingFailureAnalysisReporter   : 

***************************
APPLICATION FAILED TO START
***************************

Description:

Web server failed to start. Port 8086 was already in use.

Action:

Identify and stop the process that's listening on port 8086 or configure this application to listen on another port.

2022-05-10 10:34:35.269  INFO 8428 --- [main] c.cg.ProjectManagmentSystemApplication   : Starting ProjectManagmentSystemApplication using Java 17.0.2 on Rishabh with PID 8428 (C:\Users\risha\Documents\pp\ProjectManagmentSystem\bin\main started by risha in C:\Users\risha\Documents\pp\ProjectManagmentSystem)
2022-05-10 10:34:35.271  INFO 8428 --- [main] c.cg.ProjectManagmentSystemApplication   : No active profile set, falling back to 1 default profile: "default"
2022-05-10 10:34:35.971  INFO 8428 --- [main] .s.d.r.c.RepositoryConfigurationDelegate : Bootstrapping Spring Data JPA repositories in DEFAULT mode.
2022-05-10 10:34:36.052  INFO 8428 --- [main] .s.d.r.c.RepositoryConfigurationDelegate : Finished Spring Data repository scanning in 72 ms. Found 10 JPA repository interfaces.
2022-05-10 10:34:36.621  INFO 8428 --- [main] o.s.b.w.embedded.tomcat.TomcatWebServer  : Tomcat initialized with port(s): 8086 (http)
2022-05-10 10:34:36.632  INFO 8428 --- [main] o.apache.catalina.core.StandardService   : Starting service [Tomcat]
2022-05-10 10:34:36.632  INFO 8428 --- [main] org.apache.catalina.core.StandardEngine  : Starting Servlet engine: [Apache Tomcat/9.0.60]
2022-05-10 10:34:36.755  INFO 8428 --- [main] o.a.c.c.C.[Tomcat].[localhost].[/]       : Initializing Spring embedded WebApplicationContext
2022-05-10 10:34:36.755  INFO 8428 --- [main] w.s.c.ServletWebServerApplicationContext : Root WebApplicationContext: initialization completed in 1428 ms
2022-05-10 10:34:36.905  INFO 8428 --- [main] o.hibernate.jpa.internal.util.LogHelper  : HHH000204: Processing PersistenceUnitInfo [name: default]
2022-05-10 10:34:36.961  INFO 8428 --- [main] org.hibernate.Version                    : HHH000412: Hibernate ORM core version 5.6.7.Final
2022-05-10 10:34:37.119  INFO 8428 --- [main] o.hibernate.annotations.common.Version   : HCANN000001: Hibernate Commons Annotations {5.1.2.Final}
2022-05-10 10:34:37.226  INFO 8428 --- [main] com.zaxxer.hikari.HikariDataSource       : HikariPool-1 - Starting...
2022-05-10 10:34:37.407  INFO 8428 --- [main] com.zaxxer.hikari.HikariDataSource       : HikariPool-1 - Start completed.
2022-05-10 10:34:37.426  INFO 8428 --- [main] org.hibernate.dialect.Dialect            : HHH000400: Using dialect: org.hibernate.dialect.PostgreSQLDialect
2022-05-10 10:34:37.584  WARN 8428 --- [main] org.hibernate.cfg.AnnotationBinder       : HHH000457: Joined inheritance hierarchy [com.cg.entities.Person] defined explicit @DiscriminatorColumn.  Legacy Hibernate behavior was to ignore the @DiscriminatorColumn.  However, as part of issue HHH-6911 we now apply the explicit @DiscriminatorColumn.  If you would prefer the legacy behavior, enable the `hibernate.discriminator.ignore_explicit_for_joined` setting (hibernate.discriminator.ignore_explicit_for_joined=true)
2022-05-10 10:34:38.566  INFO 8428 --- [main] o.h.e.t.j.p.i.JtaPlatformInitiator       : HHH000490: Using JtaPlatform implementation: [org.hibernate.engine.transaction.jta.platform.internal.NoJtaPlatform]
2022-05-10 10:34:38.574  INFO 8428 --- [main] j.LocalContainerEntityManagerFactoryBean : Initialized JPA EntityManagerFactory for persistence unit 'default'
2022-05-10 10:34:39.326  WARN 8428 --- [main] JpaBaseConfiguration$JpaWebConfiguration : spring.jpa.open-in-view is enabled by default. Therefore, database queries may be performed during view rendering. Explicitly configure spring.jpa.open-in-view to disable this warning
2022-05-10 10:34:40.178  INFO 8428 --- [main] o.s.s.web.DefaultSecurityFilterChain     : Will not secure any request
2022-05-10 10:34:40.225  WARN 8428 --- [main] ConfigServletWebServerApplicationContext : Exception encountered during context initialization - cancelling refresh attempt: org.springframework.context.ApplicationContextException: Failed to start bean 'webServerStartStop'; nested exception is org.springframework.boot.web.server.PortInUseException: Port 8086 is already in use
2022-05-10 10:34:40.231  INFO 8428 --- [main] j.LocalContainerEntityManagerFactoryBean : Closing JPA EntityManagerFactory for persistence unit 'default'
2022-05-10 10:34:40.232  INFO 8428 --- [main] com.zaxxer.hikari.HikariDataSource       : HikariPool-1 - Shutdown initiated...
2022-05-10 10:34:40.237  INFO 8428 --- [main] com.zaxxer.hikari.HikariDataSource       : HikariPool-1 - Shutdown completed.
2022-05-10 10:34:40.240  INFO 8428 --- [main] o.apache.catalina.core.StandardService   : Stopping service [Tomcat]
2022-05-10 10:34:40.253  INFO 8428 --- [main] ConditionEvaluationReportLoggingListener : 

Error starting ApplicationContext. To display the conditions report re-run your application with 'debug' enabled.
2022-05-10 10:34:40.268 ERROR 8428 --- [main] o.s.b.d.LoggingFailureAnalysisReporter   : 

***************************
APPLICATION FAILED TO START
***************************

Description:

Web server failed to start. Port 8086 was already in use.

Action:

Identify and stop the process that's listening on port 8086 or configure this application to listen on another port.

2022-05-10 10:35:04.439  INFO 19152 --- [main] c.cg.ProjectManagmentSystemApplication   : Starting ProjectManagmentSystemApplication using Java 17.0.2 on Rishabh with PID 19152 (C:\Users\risha\Documents\pp\ProjectManagmentSystem\bin\main started by risha in C:\Users\risha\Documents\pp\ProjectManagmentSystem)
2022-05-10 10:35:04.442  INFO 19152 --- [main] c.cg.ProjectManagmentSystemApplication   : No active profile set, falling back to 1 default profile: "default"
2022-05-10 10:35:05.173  INFO 19152 --- [main] .s.d.r.c.RepositoryConfigurationDelegate : Bootstrapping Spring Data JPA repositories in DEFAULT mode.
2022-05-10 10:35:05.253  INFO 19152 --- [main] .s.d.r.c.RepositoryConfigurationDelegate : Finished Spring Data repository scanning in 71 ms. Found 10 JPA repository interfaces.
2022-05-10 10:35:05.840  INFO 19152 --- [main] o.s.b.w.embedded.tomcat.TomcatWebServer  : Tomcat initialized with port(s): 8086 (http)
2022-05-10 10:35:05.852  INFO 19152 --- [main] o.apache.catalina.core.StandardService   : Starting service [Tomcat]
2022-05-10 10:35:05.852  INFO 19152 --- [main] org.apache.catalina.core.StandardEngine  : Starting Servlet engine: [Apache Tomcat/9.0.60]
2022-05-10 10:35:05.967  INFO 19152 --- [main] o.a.c.c.C.[Tomcat].[localhost].[/]       : Initializing Spring embedded WebApplicationContext
2022-05-10 10:35:05.968  INFO 19152 --- [main] w.s.c.ServletWebServerApplicationContext : Root WebApplicationContext: initialization completed in 1472 ms
2022-05-10 10:35:06.125  INFO 19152 --- [main] o.hibernate.jpa.internal.util.LogHelper  : HHH000204: Processing PersistenceUnitInfo [name: default]
2022-05-10 10:35:06.177  INFO 19152 --- [main] org.hibernate.Version                    : HHH000412: Hibernate ORM core version 5.6.7.Final
2022-05-10 10:35:06.338  INFO 19152 --- [main] o.hibernate.annotations.common.Version   : HCANN000001: Hibernate Commons Annotations {5.1.2.Final}
2022-05-10 10:35:06.436  INFO 19152 --- [main] com.zaxxer.hikari.HikariDataSource       : HikariPool-1 - Starting...
2022-05-10 10:35:06.611  INFO 19152 --- [main] com.zaxxer.hikari.HikariDataSource       : HikariPool-1 - Start completed.
2022-05-10 10:35:06.628  INFO 19152 --- [main] org.hibernate.dialect.Dialect            : HHH000400: Using dialect: org.hibernate.dialect.PostgreSQLDialect
2022-05-10 10:35:06.760  WARN 19152 --- [main] org.hibernate.cfg.AnnotationBinder       : HHH000457: Joined inheritance hierarchy [com.cg.entities.Person] defined explicit @DiscriminatorColumn.  Legacy Hibernate behavior was to ignore the @DiscriminatorColumn.  However, as part of issue HHH-6911 we now apply the explicit @DiscriminatorColumn.  If you would prefer the legacy behavior, enable the `hibernate.discriminator.ignore_explicit_for_joined` setting (hibernate.discriminator.ignore_explicit_for_joined=true)
2022-05-10 10:35:07.716  INFO 19152 --- [main] o.h.e.t.j.p.i.JtaPlatformInitiator       : HHH000490: Using JtaPlatform implementation: [org.hibernate.engine.transaction.jta.platform.internal.NoJtaPlatform]
2022-05-10 10:35:07.724  INFO 19152 --- [main] j.LocalContainerEntityManagerFactoryBean : Initialized JPA EntityManagerFactory for persistence unit 'default'
2022-05-10 10:35:08.455  WARN 19152 --- [main] JpaBaseConfiguration$JpaWebConfiguration : spring.jpa.open-in-view is enabled by default. Therefore, database queries may be performed during view rendering. Explicitly configure spring.jpa.open-in-view to disable this warning
2022-05-10 10:35:09.283  INFO 19152 --- [main] o.s.s.web.DefaultSecurityFilterChain     : Will not secure any request
2022-05-10 10:35:09.450  INFO 19152 --- [main] o.s.b.w.embedded.tomcat.TomcatWebServer  : Tomcat started on port(s): 8086 (http) with context path ''
2022-05-10 10:35:09.463  INFO 19152 --- [main] c.cg.ProjectManagmentSystemApplication   : Started ProjectManagmentSystemApplication in 5.424 seconds (JVM running for 6.253)
2022-05-10 10:35:15.677  INFO 19152 --- [http-nio-8086-exec-1] o.a.c.c.C.[Tomcat].[localhost].[/]       : Initializing Spring DispatcherServlet 'dispatcherServlet'
2022-05-10 10:35:15.678  INFO 19152 --- [http-nio-8086-exec-1] o.s.web.servlet.DispatcherServlet        : Initializing Servlet 'dispatcherServlet'
2022-05-10 10:35:15.679  INFO 19152 --- [http-nio-8086-exec-1] o.s.web.servlet.DispatcherServlet        : Completed initialization in 1 ms
2022-05-10 10:35:15.742  INFO 19152 --- [http-nio-8086-exec-1] com.cg.logging.LoggingFilter             : Filter logs : Method =GET ; RequestURL = /swagger-ui/index.html; Response Code = 200 ;Time Taken= 38
2022-05-10 10:35:15.770  INFO 19152 --- [http-nio-8086-exec-2] com.cg.logging.LoggingFilter             : Filter logs : Method =GET ; RequestURL = /swagger-ui/swagger-ui.css; Response Code = 200 ;Time Taken= 7
2022-05-10 10:35:15.778  INFO 19152 --- [http-nio-8086-exec-4] com.cg.logging.LoggingFilter             : Filter logs : Method =GET ; RequestURL = /swagger-ui/swagger-ui-standalone-preset.js; Response Code = 200 ;Time Taken= 13
2022-05-10 10:35:15.787  INFO 19152 --- [http-nio-8086-exec-3] com.cg.logging.LoggingFilter             : Filter logs : Method =GET ; RequestURL = /swagger-ui/swagger-ui-bundle.js; Response Code = 200 ;Time Taken= 22
2022-05-10 10:35:15.941  INFO 19152 --- [http-nio-8086-exec-6] com.cg.logging.LoggingFilter             : Filter logs : Method =GET ; RequestURL = /swagger-ui/favicon-32x32.png; Response Code = 200 ;Time Taken= 4
2022-05-10 10:35:15.996  INFO 19152 --- [http-nio-8086-exec-5] com.cg.logging.LoggingFilter             : Filter logs : Method =GET ; RequestURL = /v3/api-docs/swagger-config; Response Code = 200 ;Time Taken= 61
2022-05-10 10:35:16.628  INFO 19152 --- [http-nio-8086-exec-7] o.springdoc.api.AbstractOpenApiResource  : Init duration for springdoc-openapi is: 589 ms
2022-05-10 10:35:16.658  INFO 19152 --- [http-nio-8086-exec-7] com.cg.logging.LoggingFilter             : Filter logs : Method =GET ; RequestURL = /v3/api-docs; Response Code = 200 ;Time Taken= 637
2022-05-10 10:35:48.188  INFO 19152 --- [http-nio-8086-exec-1] com.cg.logging.LoggingFilter             : Filter logs : Method =GET ; RequestURL = /allProperty; Response Code = 200 ;Time Taken= 122
2022-05-10 10:36:03.735  INFO 19152 --- [http-nio-8086-exec-2] com.cg.logging.LoggingFilter             : Filter logs : Method =GET ; RequestURL = /propertyType/FLAT; Response Code = 200 ;Time Taken= 34
